<?xml version="1.0" encoding="UTF-8"?>
<!-- Generated by org.testng.reporters.JUnitReportReporter -->
<testsuite hostname="DESKTOP-3ABFPSG" failures="0" tests="6" name="Nagwa.Maven.Chrome" time="9.505" errors="0" timestamp="2022-11-22T22:43:38 EET" skipped="0">
  <testcase classname="Nagwa.Maven.Chrome" name="chooseLang" time="0.780"/>
  <system-out/>
  <testcase classname="Nagwa.Maven.Chrome" name="searchNagwalessons" time="1.321"/>
  <system-out/>
  <testcase classname="Nagwa.Maven.Chrome" name="searchAdditionessons" time="1.421"/>
  <system-out/>
  <testcase classname="Nagwa.Maven.Chrome" name="chooseSecondNagwalesson" time="3.053"/>
  <system-out/>
  <testcase classname="Nagwa.Maven.Chrome" name="chooseworksheet" time="2.865"/>
  <system-out/>
  <testcase classname="Nagwa.Maven.Chrome" name="countworksheet" time="0.065"/>
  <system-out/>
</testsuite> <!-- Nagwa.Maven.Chrome -->
